2024-09-16T22:47:33,421 [main] INFO  Utils - [TestNG] Running:
  C:\Users\91931\eclipse-workspace\PetStore_APIAutomation\testng.xml

2024-09-16T22:47:34,118 [main] INFO  testUsercreation - *****Creating User*****
2024-09-16T22:47:38,795 [main] INFO  testUsercreation - *****User is Created*****
2024-09-16T22:47:38,816 [main] INFO  testUsercreation - *****Searching for created User*****
2024-09-16T22:47:40,574 [main] INFO  testUsercreation - *****User is Displayed*****
2024-09-16T22:47:40,580 [main] INFO  testUsercreation - *****Updating user Information*****
2024-09-16T22:47:44,252 [main] INFO  testUsercreation - *****User iinformation Updated*****
2024-09-16T22:47:44,256 [main] INFO  testUsercreation - *****Deleting User*****
2024-09-16T22:47:46,069 [main] INFO  testUsercreation - *****User is Deleted*****
2024-09-17T10:08:09,364 [main] INFO  testUsercreation - *****Creating User*****
2024-09-17T10:08:13,875 [main] INFO  testUsercreation - *****User is Created*****
2024-09-17T10:08:13,899 [main] INFO  testUsercreation - *****Searching for created User*****
2024-09-17T10:08:15,928 [main] INFO  testUsercreation - *****User is Displayed*****
2024-09-17T10:08:15,943 [main] INFO  testUsercreation - *****Updating user Information*****
2024-09-17T10:08:19,856 [main] INFO  testUsercreation - *****User iinformation Updated*****
2024-09-17T10:08:19,859 [main] INFO  testUsercreation - *****Deleting User*****
2024-09-17T10:08:21,557 [main] INFO  testUsercreation - *****User is Deleted*****
2024-09-17T10:11:36,631 [main] INFO  testUsercreation - *****Creating User*****
2024-09-17T10:11:41,374 [main] INFO  testUsercreation - *****User is Created*****
2024-09-17T10:11:41,399 [main] INFO  testUsercreation - *****Searching for created User*****
2024-09-17T10:11:42,979 [main] INFO  testUsercreation - *****User is Displayed*****
2024-09-17T10:11:42,979 [main] INFO  testUsercreation - *****Updating user Information*****
2024-09-17T10:11:46,033 [main] INFO  testUsercreation - *****User iinformation Updated*****
2024-09-17T10:11:46,033 [main] INFO  testUsercreation - *****Deleting User*****
2024-09-17T10:11:47,585 [main] INFO  testUsercreation - *****User is Deleted*****
2024-09-17T15:41:44,917 [main] INFO  Utils - [Utils] MethodGroupsHelper.collectMethodsByGroup() took 4 ms.
2024-09-17T15:41:44,926 [main] INFO  Utils - [Utils] MethodGroupsHelper.sortMethods() took 2 ms.
2024-09-17T15:41:44,929 [main] INFO  Utils - [Utils] MethodGroupsHelper.collectMethodsByGroup() took 0 ms.
2024-09-17T15:41:44,929 [main] INFO  Utils - [Utils] MethodGroupsHelper.sortMethods() took 0 ms.
2024-09-17T15:41:44,930 [main] INFO  Utils - [Utils] MethodGroupsHelper.collectMethodsByGroup() took 0 ms.
2024-09-17T15:41:44,930 [main] INFO  Utils - [Utils] MethodGroupsHelper.sortMethods() took 0 ms.
2024-09-17T15:41:44,930 [main] INFO  Utils - [Utils] MethodGroupsHelper.collectMethodsByGroup() took 0 ms.
2024-09-17T15:41:44,931 [main] INFO  Utils - [Utils] MethodGroupsHelper.sortMethods() took 0 ms.
2024-09-17T15:41:44,931 [main] INFO  Utils - [Utils] MethodGroupsHelper.collectMethodsByGroup() took 0 ms.
2024-09-17T15:41:44,931 [main] INFO  Utils - [Utils] MethodGroupsHelper.sortMethods() took 0 ms.
2024-09-17T15:41:44,932 [main] INFO  Utils - [Utils] MethodGroupsHelper.collectMethodsByGroup() took 0 ms.
2024-09-17T15:41:44,932 [main] INFO  Utils - [Utils] MethodGroupsHelper.sortMethods() took 0 ms.
2024-09-17T15:41:44,932 [main] INFO  Utils - [Utils] MethodGroupsHelper.collectMethodsByGroup() took 0 ms.
2024-09-17T15:41:44,933 [main] INFO  Utils - [Utils] MethodGroupsHelper.sortMethods() took 0 ms.
2024-09-17T15:41:44,933 [main] INFO  Utils - [Utils] MethodGroupsHelper.collectMethodsByGroup() took 0 ms.
2024-09-17T15:41:44,934 [main] INFO  Utils - [Utils] MethodGroupsHelper.sortMethods() took 0 ms.
2024-09-17T15:41:44,940 [main] INFO  Utils - [Utils] MethodGroupsHelper.collectMethodsByGroup() took 0 ms.
2024-09-17T15:41:44,940 [main] INFO  Utils - [Utils] MethodGroupsHelper.sortMethods() took 0 ms.
2024-09-17T15:41:44,941 [main] INFO  Utils - [Utils] MethodGroupsHelper.collectMethodsByGroup() took 0 ms.
2024-09-17T15:41:44,941 [main] INFO  Utils - [Utils] MethodGroupsHelper.sortMethods() took 0 ms.
2024-09-17T15:41:44,946 [main] INFO  Utils - [Utils] MethodGroupsHelper.collectMethodsByGroup() took 0 ms.
2024-09-17T15:41:44,947 [main] INFO  Utils - [Utils] MethodGroupsHelper.sortMethods() took 0 ms.
2024-09-17T15:41:44,947 [main] INFO  Utils - [Utils] MethodGroupsHelper.collectMethodsByGroup() took 0 ms.
2024-09-17T15:41:44,947 [main] INFO  Utils - [Utils] MethodGroupsHelper.sortMethods() took 0 ms.
2024-09-17T15:41:44,956 [main] INFO  Utils - [Utils] MethodGroupsHelper.collectMethodsByGroup() took 7 ms.
2024-09-17T15:41:44,968 [main] INFO  Utils - [Utils] MethodGroupsHelper.sortMethods() took 10 ms.
2024-09-17T15:41:44,970 [main] INFO  Utils - [Utils] MethodGroupsHelper.collectMethodsByGroup() took 0 ms.
2024-09-17T15:41:44,971 [main] INFO  Utils - [Utils] MethodGroupsHelper.sortMethods() took 0 ms.
2024-09-17T15:41:44,971 [main] INFO  Utils - [Utils] MethodGroupsHelper.collectMethodsByGroup() took 0 ms.
2024-09-17T15:41:44,972 [main] INFO  Utils - [Utils] MethodGroupsHelper.sortMethods() took 1 ms.
2024-09-17T15:41:44,990 [main] INFO  Utils - [TestNG] Running:
  C:\Users\91931\AppData\Local\Temp\testng-eclipse-1634120680\testng-customsuite.xml

2024-09-17T15:41:45,020 [main] INFO  Utils - [Utils] DynamicGraphHelper.createDynamicGraph() took 8 ms.
2024-09-17T15:41:55,158 [main] INFO  Utils - [TestNG] Time taken by org.testng.reporters.jq.Main@41a23470: 149 ms
2024-09-17T15:41:55,160 [main] INFO  Utils - [TestNG] Time taken by org.testng.reporters.FailedReporter@30c01c37: 1 ms
2024-09-17T15:41:55,180 [main] INFO  Utils - [TestNG] Time taken by org.testng.reporters.XMLReporter@1d6f77d7: 20 ms
2024-09-17T15:41:55,193 [main] INFO  Utils - [TestNG] Time taken by org.testng.reporters.EmailableReporter2@7f6b57f2: 13 ms
2024-09-17T15:41:55,202 [main] INFO  Utils - [TestNG] Time taken by org.testng.reporters.JUnitReportReporter@4c65d8e3: 9 ms
2024-09-17T15:41:55,203 [main] INFO  Utils - [TestNG] Time taken by org.testng.internal.ExitCodeListener@382faf51: 0 ms
2024-09-17T15:42:53,855 [main] INFO  Utils - [Utils] MethodGroupsHelper.collectMethodsByGroup() took 1 ms.
2024-09-17T15:42:53,866 [main] INFO  Utils - [Utils] MethodGroupsHelper.sortMethods() took 1 ms.
2024-09-17T15:42:53,871 [main] INFO  Utils - [Utils] MethodGroupsHelper.collectMethodsByGroup() took 0 ms.
2024-09-17T15:42:53,872 [main] INFO  Utils - [Utils] MethodGroupsHelper.sortMethods() took 0 ms.
2024-09-17T15:42:53,872 [main] INFO  Utils - [Utils] MethodGroupsHelper.collectMethodsByGroup() took 0 ms.
2024-09-17T15:42:53,873 [main] INFO  Utils - [Utils] MethodGroupsHelper.sortMethods() took 0 ms.
2024-09-17T15:42:53,874 [main] INFO  Utils - [Utils] MethodGroupsHelper.collectMethodsByGroup() took 0 ms.
2024-09-17T15:42:53,875 [main] INFO  Utils - [Utils] MethodGroupsHelper.sortMethods() took 0 ms.
2024-09-17T15:42:53,877 [main] INFO  Utils - [Utils] MethodGroupsHelper.collectMethodsByGroup() took 0 ms.
2024-09-17T15:42:53,878 [main] INFO  Utils - [Utils] MethodGroupsHelper.sortMethods() took 0 ms.
2024-09-17T15:42:53,879 [main] INFO  Utils - [Utils] MethodGroupsHelper.collectMethodsByGroup() took 0 ms.
2024-09-17T15:42:53,880 [main] INFO  Utils - [Utils] MethodGroupsHelper.sortMethods() took 0 ms.
2024-09-17T15:42:53,881 [main] INFO  Utils - [Utils] MethodGroupsHelper.collectMethodsByGroup() took 0 ms.
2024-09-17T15:42:53,881 [main] INFO  Utils - [Utils] MethodGroupsHelper.sortMethods() took 0 ms.
2024-09-17T15:42:53,882 [main] INFO  Utils - [Utils] MethodGroupsHelper.collectMethodsByGroup() took 0 ms.
2024-09-17T15:42:53,883 [main] INFO  Utils - [Utils] MethodGroupsHelper.sortMethods() took 0 ms.
2024-09-17T15:42:53,891 [main] INFO  Utils - [Utils] MethodGroupsHelper.collectMethodsByGroup() took 0 ms.
2024-09-17T15:42:53,891 [main] INFO  Utils - [Utils] MethodGroupsHelper.sortMethods() took 0 ms.
2024-09-17T15:42:53,892 [main] INFO  Utils - [Utils] MethodGroupsHelper.collectMethodsByGroup() took 0 ms.
2024-09-17T15:42:53,892 [main] INFO  Utils - [Utils] MethodGroupsHelper.sortMethods() took 0 ms.
2024-09-17T15:42:53,901 [main] INFO  Utils - [Utils] MethodGroupsHelper.collectMethodsByGroup() took 0 ms.
2024-09-17T15:42:53,901 [main] INFO  Utils - [Utils] MethodGroupsHelper.sortMethods() took 0 ms.
2024-09-17T15:42:53,902 [main] INFO  Utils - [Utils] MethodGroupsHelper.collectMethodsByGroup() took 0 ms.
2024-09-17T15:42:53,902 [main] INFO  Utils - [Utils] MethodGroupsHelper.sortMethods() took 0 ms.
2024-09-17T15:42:53,909 [main] INFO  Utils - [Utils] MethodGroupsHelper.collectMethodsByGroup() took 5 ms.
2024-09-17T15:42:53,922 [main] INFO  Utils - [Utils] MethodGroupsHelper.sortMethods() took 13 ms.
2024-09-17T15:42:53,926 [main] INFO  Utils - [Utils] MethodGroupsHelper.collectMethodsByGroup() took 0 ms.
2024-09-17T15:42:53,926 [main] INFO  Utils - [Utils] MethodGroupsHelper.sortMethods() took 0 ms.
2024-09-17T15:42:53,926 [main] INFO  Utils - [Utils] MethodGroupsHelper.collectMethodsByGroup() took 0 ms.
2024-09-17T15:42:53,926 [main] INFO  Utils - [Utils] MethodGroupsHelper.sortMethods() took 0 ms.
2024-09-17T15:42:53,942 [main] INFO  Utils - [TestNG] Running:
  C:\Users\91931\AppData\Local\Temp\testng-eclipse--1512512356\testng-customsuite.xml

2024-09-17T15:42:53,981 [main] INFO  Utils - [Utils] DynamicGraphHelper.createDynamicGraph() took 8 ms.
2024-09-17T15:43:03,636 [main] INFO  Utils - [TestNG] Time taken by org.testng.reporters.jq.Main@72a7aa4f: 109 ms
2024-09-17T15:43:03,638 [main] INFO  Utils - [TestNG] Time taken by org.testng.reporters.FailedReporter@537ca28e: 1 ms
2024-09-17T15:43:03,663 [main] INFO  Utils - [TestNG] Time taken by org.testng.reporters.XMLReporter@2b2a4332: 23 ms
2024-09-17T15:43:03,674 [main] INFO  Utils - [TestNG] Time taken by org.testng.reporters.EmailableReporter2@5e37fb82: 11 ms
2024-09-17T15:43:03,688 [main] INFO  Utils - [TestNG] Time taken by org.testng.reporters.JUnitReportReporter@74b1838: 13 ms
2024-09-17T15:43:03,689 [main] INFO  Utils - [TestNG] Time taken by org.testng.internal.ExitCodeListener@52d96367: 1 ms
2024-09-17T15:43:29,187 [main] INFO  Utils - [Utils] MethodGroupsHelper.collectMethodsByGroup() took 1 ms.
2024-09-17T15:43:29,196 [main] INFO  Utils - [Utils] MethodGroupsHelper.sortMethods() took 2 ms.
2024-09-17T15:43:29,199 [main] INFO  Utils - [Utils] MethodGroupsHelper.collectMethodsByGroup() took 0 ms.
2024-09-17T15:43:29,199 [main] INFO  Utils - [Utils] MethodGroupsHelper.sortMethods() took 0 ms.
2024-09-17T15:43:29,199 [main] INFO  Utils - [Utils] MethodGroupsHelper.collectMethodsByGroup() took 0 ms.
2024-09-17T15:43:29,200 [main] INFO  Utils - [Utils] MethodGroupsHelper.sortMethods() took 0 ms.
2024-09-17T15:43:29,200 [main] INFO  Utils - [Utils] MethodGroupsHelper.collectMethodsByGroup() took 0 ms.
2024-09-17T15:43:29,201 [main] INFO  Utils - [Utils] MethodGroupsHelper.sortMethods() took 0 ms.
2024-09-17T15:43:29,202 [main] INFO  Utils - [Utils] MethodGroupsHelper.collectMethodsByGroup() took 0 ms.
2024-09-17T15:43:29,203 [main] INFO  Utils - [Utils] MethodGroupsHelper.sortMethods() took 0 ms.
2024-09-17T15:43:29,203 [main] INFO  Utils - [Utils] MethodGroupsHelper.collectMethodsByGroup() took 0 ms.
2024-09-17T15:43:29,203 [main] INFO  Utils - [Utils] MethodGroupsHelper.sortMethods() took 0 ms.
2024-09-17T15:43:29,204 [main] INFO  Utils - [Utils] MethodGroupsHelper.collectMethodsByGroup() took 0 ms.
2024-09-17T15:43:29,204 [main] INFO  Utils - [Utils] MethodGroupsHelper.sortMethods() took 0 ms.
2024-09-17T15:43:29,204 [main] INFO  Utils - [Utils] MethodGroupsHelper.collectMethodsByGroup() took 0 ms.
2024-09-17T15:43:29,205 [main] INFO  Utils - [Utils] MethodGroupsHelper.sortMethods() took 0 ms.
2024-09-17T15:43:29,211 [main] INFO  Utils - [Utils] MethodGroupsHelper.collectMethodsByGroup() took 0 ms.
2024-09-17T15:43:29,211 [main] INFO  Utils - [Utils] MethodGroupsHelper.sortMethods() took 0 ms.
2024-09-17T15:43:29,213 [main] INFO  Utils - [Utils] MethodGroupsHelper.collectMethodsByGroup() took 0 ms.
2024-09-17T15:43:29,214 [main] INFO  Utils - [Utils] MethodGroupsHelper.sortMethods() took 0 ms.
2024-09-17T15:43:29,219 [main] INFO  Utils - [Utils] MethodGroupsHelper.collectMethodsByGroup() took 0 ms.
2024-09-17T15:43:29,219 [main] INFO  Utils - [Utils] MethodGroupsHelper.sortMethods() took 0 ms.
2024-09-17T15:43:29,219 [main] INFO  Utils - [Utils] MethodGroupsHelper.collectMethodsByGroup() took 0 ms.
2024-09-17T15:43:29,219 [main] INFO  Utils - [Utils] MethodGroupsHelper.sortMethods() took 0 ms.
2024-09-17T15:43:29,227 [main] INFO  Utils - [Utils] MethodGroupsHelper.collectMethodsByGroup() took 6 ms.
2024-09-17T15:43:29,237 [main] INFO  Utils - [Utils] MethodGroupsHelper.sortMethods() took 9 ms.
2024-09-17T15:43:29,240 [main] INFO  Utils - [Utils] MethodGroupsHelper.collectMethodsByGroup() took 0 ms.
2024-09-17T15:43:29,242 [main] INFO  Utils - [Utils] MethodGroupsHelper.sortMethods() took 0 ms.
2024-09-17T15:43:29,242 [main] INFO  Utils - [Utils] MethodGroupsHelper.collectMethodsByGroup() took 0 ms.
2024-09-17T15:43:29,242 [main] INFO  Utils - [Utils] MethodGroupsHelper.sortMethods() took 0 ms.
2024-09-17T15:43:29,257 [main] INFO  Utils - [TestNG] Running:
  C:\Users\91931\AppData\Local\Temp\testng-eclipse-583492383\testng-customsuite.xml

2024-09-17T15:43:29,289 [main] INFO  Utils - [Utils] DynamicGraphHelper.createDynamicGraph() took 7 ms.
2024-09-17T15:43:45,049 [main] INFO  Utils - [TestNG] Time taken by org.testng.reporters.jq.Main@57f0bfc3: 119 ms
2024-09-17T15:43:45,076 [main] INFO  Utils - [TestNG] Time taken by org.testng.reporters.FailedReporter@46524ebe: 25 ms
2024-09-17T15:43:45,097 [main] INFO  Utils - [TestNG] Time taken by org.testng.reporters.XMLReporter@19d27c27: 21 ms
2024-09-17T15:43:45,115 [main] INFO  Utils - [TestNG] Time taken by org.testng.reporters.EmailableReporter2@778113f2: 18 ms
2024-09-17T15:43:45,126 [main] INFO  Utils - [TestNG] Time taken by org.testng.reporters.JUnitReportReporter@5d01b0d8: 10 ms
2024-09-17T15:43:45,127 [main] INFO  Utils - [TestNG] Time taken by org.testng.internal.ExitCodeListener@271e851e: 0 ms
2024-09-17T15:46:00,389 [main] INFO  Utils - [Utils] MethodGroupsHelper.collectMethodsByGroup() took 2 ms.
2024-09-17T15:46:00,398 [main] INFO  Utils - [Utils] MethodGroupsHelper.sortMethods() took 3 ms.
2024-09-17T15:46:00,400 [main] INFO  Utils - [Utils] MethodGroupsHelper.collectMethodsByGroup() took 0 ms.
2024-09-17T15:46:00,401 [main] INFO  Utils - [Utils] MethodGroupsHelper.sortMethods() took 0 ms.
2024-09-17T15:46:00,402 [main] INFO  Utils - [Utils] MethodGroupsHelper.collectMethodsByGroup() took 0 ms.
2024-09-17T15:46:00,403 [main] INFO  Utils - [Utils] MethodGroupsHelper.sortMethods() took 0 ms.
2024-09-17T15:46:00,403 [main] INFO  Utils - [Utils] MethodGroupsHelper.collectMethodsByGroup() took 0 ms.
2024-09-17T15:46:00,404 [main] INFO  Utils - [Utils] MethodGroupsHelper.sortMethods() took 0 ms.
2024-09-17T15:46:00,405 [main] INFO  Utils - [Utils] MethodGroupsHelper.collectMethodsByGroup() took 0 ms.
2024-09-17T15:46:00,405 [main] INFO  Utils - [Utils] MethodGroupsHelper.sortMethods() took 0 ms.
2024-09-17T15:46:00,406 [main] INFO  Utils - [Utils] MethodGroupsHelper.collectMethodsByGroup() took 0 ms.
2024-09-17T15:46:00,406 [main] INFO  Utils - [Utils] MethodGroupsHelper.sortMethods() took 0 ms.
2024-09-17T15:46:00,407 [main] INFO  Utils - [Utils] MethodGroupsHelper.collectMethodsByGroup() took 0 ms.
2024-09-17T15:46:00,407 [main] INFO  Utils - [Utils] MethodGroupsHelper.sortMethods() took 0 ms.
2024-09-17T15:46:00,407 [main] INFO  Utils - [Utils] MethodGroupsHelper.collectMethodsByGroup() took 0 ms.
2024-09-17T15:46:00,407 [main] INFO  Utils - [Utils] MethodGroupsHelper.sortMethods() took 0 ms.
2024-09-17T15:46:00,418 [main] INFO  Utils - [Utils] MethodGroupsHelper.collectMethodsByGroup() took 0 ms.
2024-09-17T15:46:00,419 [main] INFO  Utils - [Utils] MethodGroupsHelper.sortMethods() took 0 ms.
2024-09-17T15:46:00,420 [main] INFO  Utils - [Utils] MethodGroupsHelper.collectMethodsByGroup() took 0 ms.
2024-09-17T15:46:00,420 [main] INFO  Utils - [Utils] MethodGroupsHelper.sortMethods() took 0 ms.
2024-09-17T15:46:00,426 [main] INFO  Utils - [Utils] MethodGroupsHelper.collectMethodsByGroup() took 0 ms.
2024-09-17T15:46:00,426 [main] INFO  Utils - [Utils] MethodGroupsHelper.sortMethods() took 0 ms.
2024-09-17T15:46:00,426 [main] INFO  Utils - [Utils] MethodGroupsHelper.collectMethodsByGroup() took 0 ms.
2024-09-17T15:46:00,426 [main] INFO  Utils - [Utils] MethodGroupsHelper.sortMethods() took 0 ms.
2024-09-17T15:46:00,433 [main] INFO  Utils - [Utils] MethodGroupsHelper.collectMethodsByGroup() took 5 ms.
2024-09-17T15:46:00,443 [main] INFO  Utils - [Utils] MethodGroupsHelper.sortMethods() took 10 ms.
2024-09-17T15:46:00,445 [main] INFO  Utils - [Utils] MethodGroupsHelper.collectMethodsByGroup() took 0 ms.
2024-09-17T15:46:00,446 [main] INFO  Utils - [Utils] MethodGroupsHelper.sortMethods() took 0 ms.
2024-09-17T15:46:00,448 [main] INFO  Utils - [Utils] MethodGroupsHelper.collectMethodsByGroup() took 0 ms.
2024-09-17T15:46:00,448 [main] INFO  Utils - [Utils] MethodGroupsHelper.sortMethods() took 0 ms.
2024-09-17T15:46:00,462 [main] INFO  Utils - [TestNG] Running:
  C:\Users\91931\AppData\Local\Temp\testng-eclipse--691349289\testng-customsuite.xml

2024-09-17T15:46:00,490 [main] INFO  Utils - [Utils] DynamicGraphHelper.createDynamicGraph() took 4 ms.
2024-09-17T15:46:09,805 [main] INFO  Utils - [TestNG] Time taken by org.testng.reporters.jq.Main@4a04ca74: 125 ms
2024-09-17T15:46:09,807 [main] INFO  Utils - [TestNG] Time taken by org.testng.reporters.FailedReporter@455cbf18: 1 ms
2024-09-17T15:46:09,827 [main] INFO  Utils - [TestNG] Time taken by org.testng.reporters.XMLReporter@63c99f7: 20 ms
2024-09-17T15:46:09,844 [main] INFO  Utils - [TestNG] Time taken by org.testng.reporters.EmailableReporter2@3e39e0fb: 16 ms
2024-09-17T15:46:09,857 [main] INFO  Utils - [TestNG] Time taken by org.testng.reporters.JUnitReportReporter@7f305f34: 12 ms
2024-09-17T15:46:09,857 [main] INFO  Utils - [TestNG] Time taken by org.testng.internal.ExitCodeListener@1a84a8b2: 0 ms
2024-09-17T15:46:57,697 [main] INFO  Utils - [Utils] MethodGroupsHelper.collectMethodsByGroup() took 0 ms.
2024-09-17T15:46:57,708 [main] INFO  Utils - [Utils] MethodGroupsHelper.sortMethods() took 2 ms.
2024-09-17T15:46:57,711 [main] INFO  Utils - [Utils] MethodGroupsHelper.collectMethodsByGroup() took 0 ms.
2024-09-17T15:46:57,711 [main] INFO  Utils - [Utils] MethodGroupsHelper.sortMethods() took 0 ms.
2024-09-17T15:46:57,712 [main] INFO  Utils - [Utils] MethodGroupsHelper.collectMethodsByGroup() took 0 ms.
2024-09-17T15:46:57,712 [main] INFO  Utils - [Utils] MethodGroupsHelper.sortMethods() took 0 ms.
2024-09-17T15:46:57,713 [main] INFO  Utils - [Utils] MethodGroupsHelper.collectMethodsByGroup() took 0 ms.
2024-09-17T15:46:57,713 [main] INFO  Utils - [Utils] MethodGroupsHelper.sortMethods() took 0 ms.
2024-09-17T15:46:57,714 [main] INFO  Utils - [Utils] MethodGroupsHelper.collectMethodsByGroup() took 0 ms.
2024-09-17T15:46:57,714 [main] INFO  Utils - [Utils] MethodGroupsHelper.sortMethods() took 0 ms.
2024-09-17T15:46:57,715 [main] INFO  Utils - [Utils] MethodGroupsHelper.collectMethodsByGroup() took 0 ms.
2024-09-17T15:46:57,715 [main] INFO  Utils - [Utils] MethodGroupsHelper.sortMethods() took 0 ms.
2024-09-17T15:46:57,716 [main] INFO  Utils - [Utils] MethodGroupsHelper.collectMethodsByGroup() took 0 ms.
2024-09-17T15:46:57,716 [main] INFO  Utils - [Utils] MethodGroupsHelper.sortMethods() took 0 ms.
2024-09-17T15:46:57,716 [main] INFO  Utils - [Utils] MethodGroupsHelper.collectMethodsByGroup() took 0 ms.
2024-09-17T15:46:57,716 [main] INFO  Utils - [Utils] MethodGroupsHelper.sortMethods() took 0 ms.
2024-09-17T15:46:57,729 [main] INFO  Utils - [Utils] MethodGroupsHelper.collectMethodsByGroup() took 0 ms.
2024-09-17T15:46:57,729 [main] INFO  Utils - [Utils] MethodGroupsHelper.sortMethods() took 0 ms.
2024-09-17T15:46:57,729 [main] INFO  Utils - [Utils] MethodGroupsHelper.collectMethodsByGroup() took 0 ms.
2024-09-17T15:46:57,729 [main] INFO  Utils - [Utils] MethodGroupsHelper.sortMethods() took 0 ms.
2024-09-17T15:46:57,736 [main] INFO  Utils - [Utils] MethodGroupsHelper.collectMethodsByGroup() took 0 ms.
2024-09-17T15:46:57,736 [main] INFO  Utils - [Utils] MethodGroupsHelper.sortMethods() took 0 ms.
2024-09-17T15:46:57,737 [main] INFO  Utils - [Utils] MethodGroupsHelper.collectMethodsByGroup() took 0 ms.
2024-09-17T15:46:57,737 [main] INFO  Utils - [Utils] MethodGroupsHelper.sortMethods() took 0 ms.
2024-09-17T15:46:57,744 [main] INFO  Utils - [Utils] MethodGroupsHelper.collectMethodsByGroup() took 5 ms.
2024-09-17T15:46:57,755 [main] INFO  Utils - [Utils] MethodGroupsHelper.sortMethods() took 10 ms.
2024-09-17T15:46:57,759 [main] INFO  Utils - [Utils] MethodGroupsHelper.collectMethodsByGroup() took 0 ms.
2024-09-17T15:46:57,759 [main] INFO  Utils - [Utils] MethodGroupsHelper.sortMethods() took 0 ms.
2024-09-17T15:46:57,759 [main] INFO  Utils - [Utils] MethodGroupsHelper.collectMethodsByGroup() took 0 ms.
2024-09-17T15:46:57,760 [main] INFO  Utils - [Utils] MethodGroupsHelper.sortMethods() took 0 ms.
2024-09-17T15:46:57,779 [main] INFO  Utils - [TestNG] Running:
  C:\Users\91931\AppData\Local\Temp\testng-eclipse-2009062034\testng-customsuite.xml

2024-09-17T15:46:57,806 [main] INFO  Utils - [Utils] DynamicGraphHelper.createDynamicGraph() took 5 ms.
2024-09-17T15:47:07,298 [main] INFO  Utils - [TestNG] Time taken by org.testng.reporters.jq.Main@4e5c8ef3: 124 ms
2024-09-17T15:47:07,321 [main] INFO  Utils - [TestNG] Time taken by org.testng.reporters.FailedReporter@582dcd35: 22 ms
2024-09-17T15:47:07,339 [main] INFO  Utils - [TestNG] Time taken by org.testng.reporters.XMLReporter@a457c2b: 18 ms
2024-09-17T15:47:07,359 [main] INFO  Utils - [TestNG] Time taken by org.testng.reporters.EmailableReporter2@4438938e: 20 ms
2024-09-17T15:47:07,378 [main] INFO  Utils - [TestNG] Time taken by org.testng.reporters.JUnitReportReporter@629b780f: 18 ms
2024-09-17T15:47:07,379 [main] INFO  Utils - [TestNG] Time taken by org.testng.internal.ExitCodeListener@3af36922: 0 ms
2024-09-17T15:47:51,649 [main] INFO  Utils - [Utils] MethodGroupsHelper.collectMethodsByGroup() took 1 ms.
2024-09-17T15:47:51,658 [main] INFO  Utils - [Utils] MethodGroupsHelper.sortMethods() took 1 ms.
2024-09-17T15:47:51,661 [main] INFO  Utils - [Utils] MethodGroupsHelper.collectMethodsByGroup() took 0 ms.
2024-09-17T15:47:51,661 [main] INFO  Utils - [Utils] MethodGroupsHelper.sortMethods() took 0 ms.
2024-09-17T15:47:51,661 [main] INFO  Utils - [Utils] MethodGroupsHelper.collectMethodsByGroup() took 0 ms.
2024-09-17T15:47:51,662 [main] INFO  Utils - [Utils] MethodGroupsHelper.sortMethods() took 0 ms.
2024-09-17T15:47:51,663 [main] INFO  Utils - [Utils] MethodGroupsHelper.collectMethodsByGroup() took 0 ms.
2024-09-17T15:47:51,663 [main] INFO  Utils - [Utils] MethodGroupsHelper.sortMethods() took 0 ms.
2024-09-17T15:47:51,664 [main] INFO  Utils - [Utils] MethodGroupsHelper.collectMethodsByGroup() took 0 ms.
2024-09-17T15:47:51,664 [main] INFO  Utils - [Utils] MethodGroupsHelper.sortMethods() took 0 ms.
2024-09-17T15:47:51,664 [main] INFO  Utils - [Utils] MethodGroupsHelper.collectMethodsByGroup() took 0 ms.
2024-09-17T15:47:51,665 [main] INFO  Utils - [Utils] MethodGroupsHelper.sortMethods() took 0 ms.
2024-09-17T15:47:51,665 [main] INFO  Utils - [Utils] MethodGroupsHelper.collectMethodsByGroup() took 0 ms.
2024-09-17T15:47:51,665 [main] INFO  Utils - [Utils] MethodGroupsHelper.sortMethods() took 0 ms.
2024-09-17T15:47:51,667 [main] INFO  Utils - [Utils] MethodGroupsHelper.collectMethodsByGroup() took 0 ms.
2024-09-17T15:47:51,667 [main] INFO  Utils - [Utils] MethodGroupsHelper.sortMethods() took 0 ms.
2024-09-17T15:47:51,677 [main] INFO  Utils - [Utils] MethodGroupsHelper.collectMethodsByGroup() took 0 ms.
2024-09-17T15:47:51,677 [main] INFO  Utils - [Utils] MethodGroupsHelper.sortMethods() took 0 ms.
2024-09-17T15:47:51,677 [main] INFO  Utils - [Utils] MethodGroupsHelper.collectMethodsByGroup() took 0 ms.
2024-09-17T15:47:51,678 [main] INFO  Utils - [Utils] MethodGroupsHelper.sortMethods() took 0 ms.
2024-09-17T15:47:51,683 [main] INFO  Utils - [Utils] MethodGroupsHelper.collectMethodsByGroup() took 0 ms.
2024-09-17T15:47:51,684 [main] INFO  Utils - [Utils] MethodGroupsHelper.sortMethods() took 0 ms.
2024-09-17T15:47:51,684 [main] INFO  Utils - [Utils] MethodGroupsHelper.collectMethodsByGroup() took 0 ms.
2024-09-17T15:47:51,685 [main] INFO  Utils - [Utils] MethodGroupsHelper.sortMethods() took 0 ms.
2024-09-17T15:47:51,691 [main] INFO  Utils - [Utils] MethodGroupsHelper.collectMethodsByGroup() took 3 ms.
2024-09-17T15:47:51,702 [main] INFO  Utils - [Utils] MethodGroupsHelper.sortMethods() took 11 ms.
2024-09-17T15:47:51,705 [main] INFO  Utils - [Utils] MethodGroupsHelper.collectMethodsByGroup() took 0 ms.
2024-09-17T15:47:51,705 [main] INFO  Utils - [Utils] MethodGroupsHelper.sortMethods() took 0 ms.
2024-09-17T15:47:51,705 [main] INFO  Utils - [Utils] MethodGroupsHelper.collectMethodsByGroup() took 0 ms.
2024-09-17T15:47:51,707 [main] INFO  Utils - [Utils] MethodGroupsHelper.sortMethods() took 0 ms.
2024-09-17T15:47:51,720 [main] INFO  Utils - [TestNG] Running:
  C:\Users\91931\AppData\Local\Temp\testng-eclipse--1697716139\testng-customsuite.xml

2024-09-17T15:47:51,748 [main] INFO  Utils - [Utils] DynamicGraphHelper.createDynamicGraph() took 7 ms.
2024-09-17T15:48:01,360 [main] INFO  Utils - [TestNG] Time taken by org.testng.reporters.jq.Main@4e5c8ef3: 104 ms
2024-09-17T15:48:01,376 [main] INFO  Utils - [TestNG] Time taken by org.testng.reporters.FailedReporter@582dcd35: 15 ms
2024-09-17T15:48:01,393 [main] INFO  Utils - [TestNG] Time taken by org.testng.reporters.XMLReporter@a457c2b: 16 ms
2024-09-17T15:48:01,407 [main] INFO  Utils - [TestNG] Time taken by org.testng.reporters.EmailableReporter2@4438938e: 13 ms
2024-09-17T15:48:01,421 [main] INFO  Utils - [TestNG] Time taken by org.testng.reporters.JUnitReportReporter@629b780f: 13 ms
2024-09-17T15:48:01,421 [main] INFO  Utils - [TestNG] Time taken by org.testng.internal.ExitCodeListener@3af36922: 0 ms
2024-09-17T15:50:43,138 [main] INFO  Utils - [TestNG] Running:
  C:\Users\91931\eclipse-workspace\PetStore_APIAutomation\testng.xml

2024-09-17T15:53:06,800 [main] INFO  Utils - [TestNG] Running:
  C:\Users\91931\eclipse-workspace\PetStore_APIAutomation\testng.xml

2024-10-22T15:06:07,158 [main] INFO  Utils - [Utils] MethodGroupsHelper.collectMethodsByGroup() took 0 ms.
2024-10-22T15:06:07,165 [main] INFO  Utils - [Utils] MethodGroupsHelper.sortMethods() took 2 ms.
2024-10-22T15:06:07,167 [main] INFO  Utils - [Utils] MethodGroupsHelper.collectMethodsByGroup() took 0 ms.
2024-10-22T15:06:07,167 [main] INFO  Utils - [Utils] MethodGroupsHelper.sortMethods() took 0 ms.
2024-10-22T15:06:07,168 [main] INFO  Utils - [Utils] MethodGroupsHelper.collectMethodsByGroup() took 0 ms.
2024-10-22T15:06:07,168 [main] INFO  Utils - [Utils] MethodGroupsHelper.sortMethods() took 0 ms.
2024-10-22T15:06:07,168 [main] INFO  Utils - [Utils] MethodGroupsHelper.collectMethodsByGroup() took 0 ms.
2024-10-22T15:06:07,168 [main] INFO  Utils - [Utils] MethodGroupsHelper.sortMethods() took 0 ms.
2024-10-22T15:06:07,169 [main] INFO  Utils - [Utils] MethodGroupsHelper.collectMethodsByGroup() took 0 ms.
2024-10-22T15:06:07,169 [main] INFO  Utils - [Utils] MethodGroupsHelper.sortMethods() took 0 ms.
2024-10-22T15:06:07,169 [main] INFO  Utils - [Utils] MethodGroupsHelper.collectMethodsByGroup() took 0 ms.
2024-10-22T15:06:07,169 [main] INFO  Utils - [Utils] MethodGroupsHelper.sortMethods() took 0 ms.
2024-10-22T15:06:07,170 [main] INFO  Utils - [Utils] MethodGroupsHelper.collectMethodsByGroup() took 0 ms.
2024-10-22T15:06:07,170 [main] INFO  Utils - [Utils] MethodGroupsHelper.sortMethods() took 0 ms.
2024-10-22T15:06:07,170 [main] INFO  Utils - [Utils] MethodGroupsHelper.collectMethodsByGroup() took 0 ms.
2024-10-22T15:06:07,170 [main] INFO  Utils - [Utils] MethodGroupsHelper.sortMethods() took 0 ms.
2024-10-22T15:06:07,176 [main] INFO  Utils - [Utils] MethodGroupsHelper.collectMethodsByGroup() took 0 ms.
2024-10-22T15:06:07,177 [main] INFO  Utils - [Utils] MethodGroupsHelper.sortMethods() took 0 ms.
2024-10-22T15:06:07,177 [main] INFO  Utils - [Utils] MethodGroupsHelper.collectMethodsByGroup() took 0 ms.
2024-10-22T15:06:07,177 [main] INFO  Utils - [Utils] MethodGroupsHelper.sortMethods() took 0 ms.
2024-10-22T15:06:07,180 [main] INFO  Utils - [Utils] MethodGroupsHelper.collectMethodsByGroup() took 0 ms.
2024-10-22T15:06:07,181 [main] INFO  Utils - [Utils] MethodGroupsHelper.sortMethods() took 0 ms.
2024-10-22T15:06:07,181 [main] INFO  Utils - [Utils] MethodGroupsHelper.collectMethodsByGroup() took 0 ms.
2024-10-22T15:06:07,182 [main] INFO  Utils - [Utils] MethodGroupsHelper.sortMethods() took 0 ms.
2024-10-22T15:06:07,186 [main] INFO  Utils - [Utils] MethodGroupsHelper.collectMethodsByGroup() took 2 ms.
2024-10-22T15:06:07,192 [main] INFO  Utils - [Utils] MethodGroupsHelper.sortMethods() took 6 ms.
2024-10-22T15:06:07,194 [main] INFO  Utils - [Utils] MethodGroupsHelper.collectMethodsByGroup() took 0 ms.
2024-10-22T15:06:07,195 [main] INFO  Utils - [Utils] MethodGroupsHelper.sortMethods() took 0 ms.
2024-10-22T15:06:07,195 [main] INFO  Utils - [Utils] MethodGroupsHelper.collectMethodsByGroup() took 0 ms.
2024-10-22T15:06:07,195 [main] INFO  Utils - [Utils] MethodGroupsHelper.sortMethods() took 0 ms.
2024-10-22T15:06:07,210 [main] INFO  Utils - [TestNG] Running:
  C:\Users\91931\AppData\Local\Temp\testng-eclipse--1899014967\testng-customsuite.xml

2024-10-22T15:06:07,246 [main] INFO  Utils - [Utils] DynamicGraphHelper.createDynamicGraph() took 9 ms.
2024-10-22T15:06:10,349 [main] INFO  Utils - [TestNG] Time taken by org.testng.reporters.jq.Main@1e3f86d5: 75 ms
2024-10-22T15:06:10,351 [main] INFO  Utils - [TestNG] Time taken by org.testng.reporters.FailedReporter@560271a1: 1 ms
2024-10-22T15:06:10,361 [main] INFO  Utils - [TestNG] Time taken by org.testng.reporters.XMLReporter@6806468e: 9 ms
2024-10-22T15:06:10,370 [main] INFO  Utils - [TestNG] Time taken by org.testng.reporters.EmailableReporter2@3e4d40ea: 8 ms
2024-10-22T15:06:10,376 [main] INFO  Utils - [TestNG] Time taken by org.testng.reporters.JUnitReportReporter@666618d6: 5 ms
2024-10-22T15:06:10,377 [main] INFO  Utils - [TestNG] Time taken by org.testng.internal.ExitCodeListener@5b1c32e4: 1 ms
2024-10-22T15:07:00,658 [main] INFO  Utils - [Utils] MethodGroupsHelper.collectMethodsByGroup() took 0 ms.
2024-10-22T15:07:00,664 [main] INFO  Utils - [Utils] MethodGroupsHelper.sortMethods() took 2 ms.
2024-10-22T15:07:00,665 [main] INFO  Utils - [Utils] MethodGroupsHelper.collectMethodsByGroup() took 0 ms.
2024-10-22T15:07:00,666 [main] INFO  Utils - [Utils] MethodGroupsHelper.sortMethods() took 0 ms.
2024-10-22T15:07:00,666 [main] INFO  Utils - [Utils] MethodGroupsHelper.collectMethodsByGroup() took 0 ms.
2024-10-22T15:07:00,666 [main] INFO  Utils - [Utils] MethodGroupsHelper.sortMethods() took 0 ms.
2024-10-22T15:07:00,666 [main] INFO  Utils - [Utils] MethodGroupsHelper.collectMethodsByGroup() took 0 ms.
2024-10-22T15:07:00,667 [main] INFO  Utils - [Utils] MethodGroupsHelper.sortMethods() took 0 ms.
2024-10-22T15:07:00,667 [main] INFO  Utils - [Utils] MethodGroupsHelper.collectMethodsByGroup() took 0 ms.
2024-10-22T15:07:00,667 [main] INFO  Utils - [Utils] MethodGroupsHelper.sortMethods() took 0 ms.
2024-10-22T15:07:00,667 [main] INFO  Utils - [Utils] MethodGroupsHelper.collectMethodsByGroup() took 0 ms.
2024-10-22T15:07:00,668 [main] INFO  Utils - [Utils] MethodGroupsHelper.sortMethods() took 0 ms.
2024-10-22T15:07:00,668 [main] INFO  Utils - [Utils] MethodGroupsHelper.collectMethodsByGroup() took 0 ms.
2024-10-22T15:07:00,668 [main] INFO  Utils - [Utils] MethodGroupsHelper.sortMethods() took 0 ms.
2024-10-22T15:07:00,668 [main] INFO  Utils - [Utils] MethodGroupsHelper.collectMethodsByGroup() took 0 ms.
2024-10-22T15:07:00,668 [main] INFO  Utils - [Utils] MethodGroupsHelper.sortMethods() took 0 ms.
2024-10-22T15:07:00,675 [main] INFO  Utils - [Utils] MethodGroupsHelper.collectMethodsByGroup() took 0 ms.
2024-10-22T15:07:00,675 [main] INFO  Utils - [Utils] MethodGroupsHelper.sortMethods() took 0 ms.
2024-10-22T15:07:00,676 [main] INFO  Utils - [Utils] MethodGroupsHelper.collectMethodsByGroup() took 0 ms.
2024-10-22T15:07:00,676 [main] INFO  Utils - [Utils] MethodGroupsHelper.sortMethods() took 0 ms.
2024-10-22T15:07:00,679 [main] INFO  Utils - [Utils] MethodGroupsHelper.collectMethodsByGroup() took 0 ms.
2024-10-22T15:07:00,680 [main] INFO  Utils - [Utils] MethodGroupsHelper.sortMethods() took 0 ms.
2024-10-22T15:07:00,680 [main] INFO  Utils - [Utils] MethodGroupsHelper.collectMethodsByGroup() took 0 ms.
2024-10-22T15:07:00,680 [main] INFO  Utils - [Utils] MethodGroupsHelper.sortMethods() took 0 ms.
2024-10-22T15:07:00,683 [main] INFO  Utils - [Utils] MethodGroupsHelper.collectMethodsByGroup() took 1 ms.
2024-10-22T15:07:00,689 [main] INFO  Utils - [Utils] MethodGroupsHelper.sortMethods() took 4 ms.
2024-10-22T15:07:00,692 [main] INFO  Utils - [Utils] MethodGroupsHelper.collectMethodsByGroup() took 0 ms.
2024-10-22T15:07:00,692 [main] INFO  Utils - [Utils] MethodGroupsHelper.sortMethods() took 0 ms.
2024-10-22T15:07:00,692 [main] INFO  Utils - [Utils] MethodGroupsHelper.collectMethodsByGroup() took 0 ms.
2024-10-22T15:07:00,692 [main] INFO  Utils - [Utils] MethodGroupsHelper.sortMethods() took 0 ms.
2024-10-22T15:07:00,702 [main] INFO  Utils - [TestNG] Running:
  C:\Users\91931\AppData\Local\Temp\testng-eclipse-1044591598\testng-customsuite.xml

2024-10-22T15:07:00,721 [main] INFO  Utils - [Utils] DynamicGraphHelper.createDynamicGraph() took 2 ms.
2024-10-22T15:07:03,770 [main] INFO  Utils - [TestNG] Time taken by org.testng.reporters.jq.Main@1788cb61: 75 ms
2024-10-22T15:07:03,771 [main] INFO  Utils - [TestNG] Time taken by org.testng.reporters.FailedReporter@16d431b4: 0 ms
2024-10-22T15:07:03,781 [main] INFO  Utils - [TestNG] Time taken by org.testng.reporters.XMLReporter@216372b7: 10 ms
2024-10-22T15:07:03,797 [main] INFO  Utils - [TestNG] Time taken by org.testng.reporters.EmailableReporter2@675b18ff: 16 ms
2024-10-22T15:07:03,807 [main] INFO  Utils - [TestNG] Time taken by org.testng.reporters.JUnitReportReporter@636985df: 9 ms
2024-10-22T15:07:03,808 [main] INFO  Utils - [TestNG] Time taken by org.testng.internal.ExitCodeListener@6f91fbda: 0 ms
2024-10-22T15:15:34,787 [main] INFO  Utils - [Utils] MethodGroupsHelper.collectMethodsByGroup() took 1 ms.
2024-10-22T15:15:34,795 [main] INFO  Utils - [Utils] MethodGroupsHelper.sortMethods() took 2 ms.
2024-10-22T15:15:34,796 [main] INFO  Utils - [Utils] MethodGroupsHelper.collectMethodsByGroup() took 0 ms.
2024-10-22T15:15:34,798 [main] INFO  Utils - [Utils] MethodGroupsHelper.sortMethods() took 0 ms.
2024-10-22T15:15:34,798 [main] INFO  Utils - [Utils] MethodGroupsHelper.collectMethodsByGroup() took 0 ms.
2024-10-22T15:15:34,798 [main] INFO  Utils - [Utils] MethodGroupsHelper.sortMethods() took 0 ms.
2024-10-22T15:15:34,799 [main] INFO  Utils - [Utils] MethodGroupsHelper.collectMethodsByGroup() took 0 ms.
2024-10-22T15:15:34,799 [main] INFO  Utils - [Utils] MethodGroupsHelper.sortMethods() took 0 ms.
2024-10-22T15:15:34,800 [main] INFO  Utils - [Utils] MethodGroupsHelper.collectMethodsByGroup() took 0 ms.
2024-10-22T15:15:34,800 [main] INFO  Utils - [Utils] MethodGroupsHelper.sortMethods() took 0 ms.
2024-10-22T15:15:34,801 [main] INFO  Utils - [Utils] MethodGroupsHelper.collectMethodsByGroup() took 0 ms.
2024-10-22T15:15:34,801 [main] INFO  Utils - [Utils] MethodGroupsHelper.sortMethods() took 0 ms.
2024-10-22T15:15:34,801 [main] INFO  Utils - [Utils] MethodGroupsHelper.collectMethodsByGroup() took 0 ms.
2024-10-22T15:15:34,801 [main] INFO  Utils - [Utils] MethodGroupsHelper.sortMethods() took 0 ms.
2024-10-22T15:15:34,802 [main] INFO  Utils - [Utils] MethodGroupsHelper.collectMethodsByGroup() took 0 ms.
2024-10-22T15:15:34,802 [main] INFO  Utils - [Utils] MethodGroupsHelper.sortMethods() took 0 ms.
2024-10-22T15:15:34,807 [main] INFO  Utils - [Utils] MethodGroupsHelper.collectMethodsByGroup() took 0 ms.
2024-10-22T15:15:34,807 [main] INFO  Utils - [Utils] MethodGroupsHelper.sortMethods() took 0 ms.
2024-10-22T15:15:34,807 [main] INFO  Utils - [Utils] MethodGroupsHelper.collectMethodsByGroup() took 0 ms.
2024-10-22T15:15:34,807 [main] INFO  Utils - [Utils] MethodGroupsHelper.sortMethods() took 0 ms.
2024-10-22T15:15:34,810 [main] INFO  Utils - [Utils] MethodGroupsHelper.collectMethodsByGroup() took 0 ms.
2024-10-22T15:15:34,811 [main] INFO  Utils - [Utils] MethodGroupsHelper.sortMethods() took 0 ms.
2024-10-22T15:15:34,811 [main] INFO  Utils - [Utils] MethodGroupsHelper.collectMethodsByGroup() took 0 ms.
2024-10-22T15:15:34,811 [main] INFO  Utils - [Utils] MethodGroupsHelper.sortMethods() took 0 ms.
2024-10-22T15:15:34,814 [main] INFO  Utils - [Utils] MethodGroupsHelper.collectMethodsByGroup() took 2 ms.
2024-10-22T15:15:34,822 [main] INFO  Utils - [Utils] MethodGroupsHelper.sortMethods() took 6 ms.
2024-10-22T15:15:34,824 [main] INFO  Utils - [Utils] MethodGroupsHelper.collectMethodsByGroup() took 0 ms.
2024-10-22T15:15:34,825 [main] INFO  Utils - [Utils] MethodGroupsHelper.sortMethods() took 0 ms.
2024-10-22T15:15:34,825 [main] INFO  Utils - [Utils] MethodGroupsHelper.collectMethodsByGroup() took 0 ms.
2024-10-22T15:15:34,825 [main] INFO  Utils - [Utils] MethodGroupsHelper.sortMethods() took 0 ms.
2024-10-22T15:15:34,836 [main] INFO  Utils - [TestNG] Running:
  C:\Users\91931\AppData\Local\Temp\testng-eclipse--759175831\testng-customsuite.xml

2024-10-22T15:15:34,856 [main] INFO  Utils - [Utils] DynamicGraphHelper.createDynamicGraph() took 4 ms.
2024-10-22T15:15:35,735 [main] ERROR Utils - [Error] java.lang.IllegalStateException: Cannot get a STRING value from a NUMERIC cell
	at org.apache.poi.xssf.usermodel.XSSFCell.typeMismatch(XSSFCell.java:984)
	at org.apache.poi.xssf.usermodel.XSSFCell.getRichStringCellValue(XSSFCell.java:311)
	at org.apache.poi.xssf.usermodel.XSSFCell.getStringCellValue(XSSFCell.java:280)
	at api.utilities.ExcelUtility.getCellValue(ExcelUtility.java:33)
	at api.utilities.DataProviders.orderPet(DataProviders.java:79)
	at java.base/jdk.internal.reflect.NativeMethodAccessorImpl.invoke0(Native Method)
	at java.base/jdk.internal.reflect.NativeMethodAccessorImpl.invoke(NativeMethodAccessorImpl.java:77)
	at java.base/jdk.internal.reflect.DelegatingMethodAccessorImpl.invoke(DelegatingMethodAccessorImpl.java:43)
	at java.base/java.lang.reflect.Method.invoke(Method.java:568)
	at org.testng.internal.invokers.MethodInvocationHelper.invokeMethod(MethodInvocationHelper.java:141)
	at org.testng.internal.invokers.MethodInvocationHelper.invokeMethod(MethodInvocationHelper.java:86)
	at org.testng.internal.invokers.MethodInvocationHelper.invokeMethodNoCheckedException(MethodInvocationHelper.java:54)
	at org.testng.internal.invokers.MethodInvocationHelper.invokeDataProvider(MethodInvocationHelper.java:159)
	at org.testng.internal.Parameters.handleParameters(Parameters.java:809)
	at org.testng.internal.Parameters.handleParameters(Parameters.java:734)
	at org.testng.internal.invokers.ParameterHandler.handleParameters(ParameterHandler.java:72)
	at org.testng.internal.invokers.ParameterHandler.createParameters(ParameterHandler.java:51)
	at org.testng.internal.invokers.TestInvoker$MethodInvocationAgent.invoke(TestInvoker.java:946)
	at org.testng.internal.invokers.TestInvoker.invokeTestMethods(TestInvoker.java:203)
	at org.testng.internal.invokers.TestMethodWorker.invokeTestMethods(TestMethodWorker.java:154)
	at org.testng.internal.invokers.TestMethodWorker.run(TestMethodWorker.java:134)
	at java.base/java.util.ArrayList.forEach(ArrayList.java:1511)
	at org.testng.TestRunner.privateRun(TestRunner.java:739)
	at org.testng.TestRunner.run(TestRunner.java:614)
	at org.testng.SuiteRunner.runTest(SuiteRunner.java:421)
	at org.testng.SuiteRunner.runSequentially(SuiteRunner.java:413)
	at org.testng.SuiteRunner.privateRun(SuiteRunner.java:373)
	at org.testng.SuiteRunner.run(SuiteRunner.java:312)
	at org.testng.SuiteRunnerWorker.runSuite(SuiteRunnerWorker.java:52)
	at org.testng.SuiteRunnerWorker.run(SuiteRunnerWorker.java:95)
	at org.testng.TestNG.runSuitesSequentially(TestNG.java:1274)
	at org.testng.TestNG.runSuitesLocally(TestNG.java:1208)
	at org.testng.TestNG.runSuites(TestNG.java:1112)
	at org.testng.TestNG.run(TestNG.java:1079)
	at org.testng.remote.AbstractRemoteTestNG.run(AbstractRemoteTestNG.java:115)
	at org.testng.remote.RemoteTestNG.initAndRun(RemoteTestNG.java:293)
	at org.testng.remote.RemoteTestNG.main(RemoteTestNG.java:91)

2024-10-22T15:15:35,922 [main] INFO  Utils - [TestNG] Time taken by org.testng.reporters.jq.Main@8b91134: 86 ms
2024-10-22T15:15:35,944 [main] INFO  Utils - [TestNG] Time taken by org.testng.reporters.FailedReporter@75308740: 20 ms
2024-10-22T15:15:35,962 [main] INFO  Utils - [TestNG] Time taken by org.testng.reporters.XMLReporter@2a32fb6: 17 ms
2024-10-22T15:15:35,981 [main] INFO  Utils - [TestNG] Time taken by org.testng.reporters.EmailableReporter2@6dd82486: 18 ms
2024-10-22T15:15:35,988 [main] INFO  Utils - [TestNG] Time taken by org.testng.reporters.JUnitReportReporter@2d23faef: 7 ms
2024-10-22T15:15:35,988 [main] INFO  Utils - [TestNG] Time taken by org.testng.internal.ExitCodeListener@7cb8437d: 0 ms
2024-10-22T15:20:43,793 [main] INFO  Utils - [Utils] MethodGroupsHelper.collectMethodsByGroup() took 0 ms.
2024-10-22T15:20:43,800 [main] INFO  Utils - [Utils] MethodGroupsHelper.sortMethods() took 0 ms.
2024-10-22T15:20:43,801 [main] INFO  Utils - [Utils] MethodGroupsHelper.collectMethodsByGroup() took 0 ms.
2024-10-22T15:20:43,801 [main] INFO  Utils - [Utils] MethodGroupsHelper.sortMethods() took 0 ms.
2024-10-22T15:20:43,801 [main] INFO  Utils - [Utils] MethodGroupsHelper.collectMethodsByGroup() took 0 ms.
2024-10-22T15:20:43,801 [main] INFO  Utils - [Utils] MethodGroupsHelper.sortMethods() took 0 ms.
2024-10-22T15:20:43,802 [main] INFO  Utils - [Utils] MethodGroupsHelper.collectMethodsByGroup() took 0 ms.
2024-10-22T15:20:43,802 [main] INFO  Utils - [Utils] MethodGroupsHelper.sortMethods() took 0 ms.
2024-10-22T15:20:43,803 [main] INFO  Utils - [Utils] MethodGroupsHelper.collectMethodsByGroup() took 0 ms.
2024-10-22T15:20:43,803 [main] INFO  Utils - [Utils] MethodGroupsHelper.sortMethods() took 0 ms.
2024-10-22T15:20:43,803 [main] INFO  Utils - [Utils] MethodGroupsHelper.collectMethodsByGroup() took 0 ms.
2024-10-22T15:20:43,803 [main] INFO  Utils - [Utils] MethodGroupsHelper.sortMethods() took 0 ms.
2024-10-22T15:20:43,803 [main] INFO  Utils - [Utils] MethodGroupsHelper.collectMethodsByGroup() took 0 ms.
2024-10-22T15:20:43,804 [main] INFO  Utils - [Utils] MethodGroupsHelper.sortMethods() took 0 ms.
2024-10-22T15:20:43,804 [main] INFO  Utils - [Utils] MethodGroupsHelper.collectMethodsByGroup() took 0 ms.
2024-10-22T15:20:43,804 [main] INFO  Utils - [Utils] MethodGroupsHelper.sortMethods() took 0 ms.
2024-10-22T15:20:43,810 [main] INFO  Utils - [Utils] MethodGroupsHelper.collectMethodsByGroup() took 0 ms.
2024-10-22T15:20:43,810 [main] INFO  Utils - [Utils] MethodGroupsHelper.sortMethods() took 0 ms.
2024-10-22T15:20:43,810 [main] INFO  Utils - [Utils] MethodGroupsHelper.collectMethodsByGroup() took 0 ms.
2024-10-22T15:20:43,810 [main] INFO  Utils - [Utils] MethodGroupsHelper.sortMethods() took 0 ms.
2024-10-22T15:20:43,813 [main] INFO  Utils - [Utils] MethodGroupsHelper.collectMethodsByGroup() took 0 ms.
2024-10-22T15:20:43,813 [main] INFO  Utils - [Utils] MethodGroupsHelper.sortMethods() took 0 ms.
2024-10-22T15:20:43,814 [main] INFO  Utils - [Utils] MethodGroupsHelper.collectMethodsByGroup() took 0 ms.
2024-10-22T15:20:43,814 [main] INFO  Utils - [Utils] MethodGroupsHelper.sortMethods() took 0 ms.
2024-10-22T15:20:43,817 [main] INFO  Utils - [Utils] MethodGroupsHelper.collectMethodsByGroup() took 3 ms.
2024-10-22T15:20:43,822 [main] INFO  Utils - [Utils] MethodGroupsHelper.sortMethods() took 5 ms.
2024-10-22T15:20:43,825 [main] INFO  Utils - [Utils] MethodGroupsHelper.collectMethodsByGroup() took 0 ms.
2024-10-22T15:20:43,825 [main] INFO  Utils - [Utils] MethodGroupsHelper.sortMethods() took 0 ms.
2024-10-22T15:20:43,825 [main] INFO  Utils - [Utils] MethodGroupsHelper.collectMethodsByGroup() took 0 ms.
2024-10-22T15:20:43,825 [main] INFO  Utils - [Utils] MethodGroupsHelper.sortMethods() took 0 ms.
2024-10-22T15:20:43,835 [main] INFO  Utils - [TestNG] Running:
  C:\Users\91931\AppData\Local\Temp\testng-eclipse--516936742\testng-customsuite.xml

2024-10-22T15:20:43,855 [main] INFO  Utils - [Utils] DynamicGraphHelper.createDynamicGraph() took 4 ms.
2024-10-22T15:20:44,571 [main] ERROR Utils - [Error] java.lang.IllegalStateException: Cannot get a STRING value from a NUMERIC cell
	at org.apache.poi.xssf.usermodel.XSSFCell.typeMismatch(XSSFCell.java:984)
	at org.apache.poi.xssf.usermodel.XSSFCell.getRichStringCellValue(XSSFCell.java:311)
	at org.apache.poi.xssf.usermodel.XSSFCell.getStringCellValue(XSSFCell.java:280)
	at api.utilities.ExcelUtility.getCellValue(ExcelUtility.java:33)
	at api.utilities.DataProviders.orderPet(DataProviders.java:79)
	at java.base/jdk.internal.reflect.NativeMethodAccessorImpl.invoke0(Native Method)
	at java.base/jdk.internal.reflect.NativeMethodAccessorImpl.invoke(NativeMethodAccessorImpl.java:77)
	at java.base/jdk.internal.reflect.DelegatingMethodAccessorImpl.invoke(DelegatingMethodAccessorImpl.java:43)
	at java.base/java.lang.reflect.Method.invoke(Method.java:568)
	at org.testng.internal.invokers.MethodInvocationHelper.invokeMethod(MethodInvocationHelper.java:141)
	at org.testng.internal.invokers.MethodInvocationHelper.invokeMethod(MethodInvocationHelper.java:86)
	at org.testng.internal.invokers.MethodInvocationHelper.invokeMethodNoCheckedException(MethodInvocationHelper.java:54)
	at org.testng.internal.invokers.MethodInvocationHelper.invokeDataProvider(MethodInvocationHelper.java:159)
	at org.testng.internal.Parameters.handleParameters(Parameters.java:809)
	at org.testng.internal.Parameters.handleParameters(Parameters.java:734)
	at org.testng.internal.invokers.ParameterHandler.handleParameters(ParameterHandler.java:72)
	at org.testng.internal.invokers.ParameterHandler.createParameters(ParameterHandler.java:51)
	at org.testng.internal.invokers.TestInvoker$MethodInvocationAgent.invoke(TestInvoker.java:946)
	at org.testng.internal.invokers.TestInvoker.invokeTestMethods(TestInvoker.java:203)
	at org.testng.internal.invokers.TestMethodWorker.invokeTestMethods(TestMethodWorker.java:154)
	at org.testng.internal.invokers.TestMethodWorker.run(TestMethodWorker.java:134)
	at java.base/java.util.ArrayList.forEach(ArrayList.java:1511)
	at org.testng.TestRunner.privateRun(TestRunner.java:739)
	at org.testng.TestRunner.run(TestRunner.java:614)
	at org.testng.SuiteRunner.runTest(SuiteRunner.java:421)
	at org.testng.SuiteRunner.runSequentially(SuiteRunner.java:413)
	at org.testng.SuiteRunner.privateRun(SuiteRunner.java:373)
	at org.testng.SuiteRunner.run(SuiteRunner.java:312)
	at org.testng.SuiteRunnerWorker.runSuite(SuiteRunnerWorker.java:52)
	at org.testng.SuiteRunnerWorker.run(SuiteRunnerWorker.java:95)
	at org.testng.TestNG.runSuitesSequentially(TestNG.java:1274)
	at org.testng.TestNG.runSuitesLocally(TestNG.java:1208)
	at org.testng.TestNG.runSuites(TestNG.java:1112)
	at org.testng.TestNG.run(TestNG.java:1079)
	at org.testng.remote.AbstractRemoteTestNG.run(AbstractRemoteTestNG.java:115)
	at org.testng.remote.RemoteTestNG.initAndRun(RemoteTestNG.java:293)
	at org.testng.remote.RemoteTestNG.main(RemoteTestNG.java:91)

2024-10-22T15:20:44,698 [main] INFO  Utils - [TestNG] Time taken by org.testng.reporters.jq.Main@8b91134: 68 ms
2024-10-22T15:20:44,716 [main] INFO  Utils - [TestNG] Time taken by org.testng.reporters.FailedReporter@75308740: 17 ms
2024-10-22T15:20:44,728 [main] INFO  Utils - [TestNG] Time taken by org.testng.reporters.XMLReporter@2a32fb6: 11 ms
2024-10-22T15:20:44,736 [main] INFO  Utils - [TestNG] Time taken by org.testng.reporters.EmailableReporter2@6dd82486: 8 ms
2024-10-22T15:20:44,746 [main] INFO  Utils - [TestNG] Time taken by org.testng.reporters.JUnitReportReporter@2d23faef: 10 ms
2024-10-22T15:20:44,746 [main] INFO  Utils - [TestNG] Time taken by org.testng.internal.ExitCodeListener@7cb8437d: 0 ms
2024-10-22T15:21:42,515 [main] INFO  Utils - [Utils] MethodGroupsHelper.collectMethodsByGroup() took 1 ms.
2024-10-22T15:21:42,521 [main] INFO  Utils - [Utils] MethodGroupsHelper.sortMethods() took 1 ms.
2024-10-22T15:21:42,522 [main] INFO  Utils - [Utils] MethodGroupsHelper.collectMethodsByGroup() took 0 ms.
2024-10-22T15:21:42,522 [main] INFO  Utils - [Utils] MethodGroupsHelper.sortMethods() took 0 ms.
2024-10-22T15:21:42,522 [main] INFO  Utils - [Utils] MethodGroupsHelper.collectMethodsByGroup() took 0 ms.
2024-10-22T15:21:42,522 [main] INFO  Utils - [Utils] MethodGroupsHelper.sortMethods() took 0 ms.
2024-10-22T15:21:42,522 [main] INFO  Utils - [Utils] MethodGroupsHelper.collectMethodsByGroup() took 0 ms.
2024-10-22T15:21:42,522 [main] INFO  Utils - [Utils] MethodGroupsHelper.sortMethods() took 0 ms.
2024-10-22T15:21:42,523 [main] INFO  Utils - [Utils] MethodGroupsHelper.collectMethodsByGroup() took 0 ms.
2024-10-22T15:21:42,523 [main] INFO  Utils - [Utils] MethodGroupsHelper.sortMethods() took 0 ms.
2024-10-22T15:21:42,523 [main] INFO  Utils - [Utils] MethodGroupsHelper.collectMethodsByGroup() took 0 ms.
2024-10-22T15:21:42,523 [main] INFO  Utils - [Utils] MethodGroupsHelper.sortMethods() took 0 ms.
2024-10-22T15:21:42,525 [main] INFO  Utils - [Utils] MethodGroupsHelper.collectMethodsByGroup() took 0 ms.
2024-10-22T15:21:42,525 [main] INFO  Utils - [Utils] MethodGroupsHelper.sortMethods() took 0 ms.
2024-10-22T15:21:42,525 [main] INFO  Utils - [Utils] MethodGroupsHelper.collectMethodsByGroup() took 0 ms.
2024-10-22T15:21:42,525 [main] INFO  Utils - [Utils] MethodGroupsHelper.sortMethods() took 0 ms.
2024-10-22T15:21:42,530 [main] INFO  Utils - [Utils] MethodGroupsHelper.collectMethodsByGroup() took 0 ms.
2024-10-22T15:21:42,531 [main] INFO  Utils - [Utils] MethodGroupsHelper.sortMethods() took 0 ms.
2024-10-22T15:21:42,532 [main] INFO  Utils - [Utils] MethodGroupsHelper.collectMethodsByGroup() took 0 ms.
2024-10-22T15:21:42,532 [main] INFO  Utils - [Utils] MethodGroupsHelper.sortMethods() took 0 ms.
2024-10-22T15:21:42,536 [main] INFO  Utils - [Utils] MethodGroupsHelper.collectMethodsByGroup() took 0 ms.
2024-10-22T15:21:42,536 [main] INFO  Utils - [Utils] MethodGroupsHelper.sortMethods() took 0 ms.
2024-10-22T15:21:42,536 [main] INFO  Utils - [Utils] MethodGroupsHelper.collectMethodsByGroup() took 0 ms.
2024-10-22T15:21:42,536 [main] INFO  Utils - [Utils] MethodGroupsHelper.sortMethods() took 0 ms.
2024-10-22T15:21:42,540 [main] INFO  Utils - [Utils] MethodGroupsHelper.collectMethodsByGroup() took 3 ms.
2024-10-22T15:21:42,547 [main] INFO  Utils - [Utils] MethodGroupsHelper.sortMethods() took 6 ms.
2024-10-22T15:21:42,549 [main] INFO  Utils - [Utils] MethodGroupsHelper.collectMethodsByGroup() took 0 ms.
2024-10-22T15:21:42,550 [main] INFO  Utils - [Utils] MethodGroupsHelper.sortMethods() took 0 ms.
2024-10-22T15:21:42,550 [main] INFO  Utils - [Utils] MethodGroupsHelper.collectMethodsByGroup() took 0 ms.
2024-10-22T15:21:42,550 [main] INFO  Utils - [Utils] MethodGroupsHelper.sortMethods() took 0 ms.
2024-10-22T15:21:42,559 [main] INFO  Utils - [TestNG] Running:
  C:\Users\91931\AppData\Local\Temp\testng-eclipse--1246912675\testng-customsuite.xml

2024-10-22T15:21:42,576 [main] INFO  Utils - [Utils] DynamicGraphHelper.createDynamicGraph() took 3 ms.
2024-10-22T15:21:43,230 [main] ERROR Utils - [Error] java.lang.IllegalStateException: Cannot get a STRING value from a NUMERIC cell
	at org.apache.poi.xssf.usermodel.XSSFCell.typeMismatch(XSSFCell.java:984)
	at org.apache.poi.xssf.usermodel.XSSFCell.getRichStringCellValue(XSSFCell.java:311)
	at org.apache.poi.xssf.usermodel.XSSFCell.getStringCellValue(XSSFCell.java:280)
	at api.utilities.ExcelUtility.getCellValue(ExcelUtility.java:33)
	at api.utilities.DataProviders.orderPet(DataProviders.java:79)
	at java.base/jdk.internal.reflect.NativeMethodAccessorImpl.invoke0(Native Method)
	at java.base/jdk.internal.reflect.NativeMethodAccessorImpl.invoke(NativeMethodAccessorImpl.java:77)
	at java.base/jdk.internal.reflect.DelegatingMethodAccessorImpl.invoke(DelegatingMethodAccessorImpl.java:43)
	at java.base/java.lang.reflect.Method.invoke(Method.java:568)
	at org.testng.internal.invokers.MethodInvocationHelper.invokeMethod(MethodInvocationHelper.java:141)
	at org.testng.internal.invokers.MethodInvocationHelper.invokeMethod(MethodInvocationHelper.java:86)
	at org.testng.internal.invokers.MethodInvocationHelper.invokeMethodNoCheckedException(MethodInvocationHelper.java:54)
	at org.testng.internal.invokers.MethodInvocationHelper.invokeDataProvider(MethodInvocationHelper.java:159)
	at org.testng.internal.Parameters.handleParameters(Parameters.java:809)
	at org.testng.internal.Parameters.handleParameters(Parameters.java:734)
	at org.testng.internal.invokers.ParameterHandler.handleParameters(ParameterHandler.java:72)
	at org.testng.internal.invokers.ParameterHandler.createParameters(ParameterHandler.java:51)
	at org.testng.internal.invokers.TestInvoker$MethodInvocationAgent.invoke(TestInvoker.java:946)
	at org.testng.internal.invokers.TestInvoker.invokeTestMethods(TestInvoker.java:203)
	at org.testng.internal.invokers.TestMethodWorker.invokeTestMethods(TestMethodWorker.java:154)
	at org.testng.internal.invokers.TestMethodWorker.run(TestMethodWorker.java:134)
	at java.base/java.util.ArrayList.forEach(ArrayList.java:1511)
	at org.testng.TestRunner.privateRun(TestRunner.java:739)
	at org.testng.TestRunner.run(TestRunner.java:614)
	at org.testng.SuiteRunner.runTest(SuiteRunner.java:421)
	at org.testng.SuiteRunner.runSequentially(SuiteRunner.java:413)
	at org.testng.SuiteRunner.privateRun(SuiteRunner.java:373)
	at org.testng.SuiteRunner.run(SuiteRunner.java:312)
	at org.testng.SuiteRunnerWorker.runSuite(SuiteRunnerWorker.java:52)
	at org.testng.SuiteRunnerWorker.run(SuiteRunnerWorker.java:95)
	at org.testng.TestNG.runSuitesSequentially(TestNG.java:1274)
	at org.testng.TestNG.runSuitesLocally(TestNG.java:1208)
	at org.testng.TestNG.runSuites(TestNG.java:1112)
	at org.testng.TestNG.run(TestNG.java:1079)
	at org.testng.remote.AbstractRemoteTestNG.run(AbstractRemoteTestNG.java:115)
	at org.testng.remote.RemoteTestNG.initAndRun(RemoteTestNG.java:293)
	at org.testng.remote.RemoteTestNG.main(RemoteTestNG.java:91)

2024-10-22T15:21:43,376 [main] INFO  Utils - [TestNG] Time taken by org.testng.reporters.jq.Main@8b91134: 80 ms
2024-10-22T15:21:43,399 [main] INFO  Utils - [TestNG] Time taken by org.testng.reporters.FailedReporter@75308740: 22 ms
2024-10-22T15:21:43,411 [main] INFO  Utils - [TestNG] Time taken by org.testng.reporters.XMLReporter@2a32fb6: 11 ms
2024-10-22T15:21:43,422 [main] INFO  Utils - [TestNG] Time taken by org.testng.reporters.EmailableReporter2@6dd82486: 11 ms
2024-10-22T15:21:43,432 [main] INFO  Utils - [TestNG] Time taken by org.testng.reporters.JUnitReportReporter@2d23faef: 8 ms
2024-10-22T15:21:43,434 [main] INFO  Utils - [TestNG] Time taken by org.testng.internal.ExitCodeListener@7cb8437d: 2 ms
2024-10-22T15:24:32,590 [main] INFO  Utils - [Utils] MethodGroupsHelper.collectMethodsByGroup() took 1 ms.
2024-10-22T15:24:32,598 [main] INFO  Utils - [Utils] MethodGroupsHelper.sortMethods() took 1 ms.
2024-10-22T15:24:32,600 [main] INFO  Utils - [Utils] MethodGroupsHelper.collectMethodsByGroup() took 0 ms.
2024-10-22T15:24:32,600 [main] INFO  Utils - [Utils] MethodGroupsHelper.sortMethods() took 0 ms.
2024-10-22T15:24:32,601 [main] INFO  Utils - [Utils] MethodGroupsHelper.collectMethodsByGroup() took 0 ms.
2024-10-22T15:24:32,601 [main] INFO  Utils - [Utils] MethodGroupsHelper.sortMethods() took 0 ms.
2024-10-22T15:24:32,601 [main] INFO  Utils - [Utils] MethodGroupsHelper.collectMethodsByGroup() took 0 ms.
2024-10-22T15:24:32,602 [main] INFO  Utils - [Utils] MethodGroupsHelper.sortMethods() took 0 ms.
2024-10-22T15:24:32,602 [main] INFO  Utils - [Utils] MethodGroupsHelper.collectMethodsByGroup() took 0 ms.
2024-10-22T15:24:32,602 [main] INFO  Utils - [Utils] MethodGroupsHelper.sortMethods() took 0 ms.
2024-10-22T15:24:32,602 [main] INFO  Utils - [Utils] MethodGroupsHelper.collectMethodsByGroup() took 0 ms.
2024-10-22T15:24:32,603 [main] INFO  Utils - [Utils] MethodGroupsHelper.sortMethods() took 0 ms.
2024-10-22T15:24:32,603 [main] INFO  Utils - [Utils] MethodGroupsHelper.collectMethodsByGroup() took 0 ms.
2024-10-22T15:24:32,604 [main] INFO  Utils - [Utils] MethodGroupsHelper.sortMethods() took 0 ms.
2024-10-22T15:24:32,604 [main] INFO  Utils - [Utils] MethodGroupsHelper.collectMethodsByGroup() took 0 ms.
2024-10-22T15:24:32,604 [main] INFO  Utils - [Utils] MethodGroupsHelper.sortMethods() took 0 ms.
2024-10-22T15:24:32,612 [main] INFO  Utils - [Utils] MethodGroupsHelper.collectMethodsByGroup() took 0 ms.
2024-10-22T15:24:32,612 [main] INFO  Utils - [Utils] MethodGroupsHelper.sortMethods() took 0 ms.
2024-10-22T15:24:32,613 [main] INFO  Utils - [Utils] MethodGroupsHelper.collectMethodsByGroup() took 0 ms.
2024-10-22T15:24:32,613 [main] INFO  Utils - [Utils] MethodGroupsHelper.sortMethods() took 0 ms.
2024-10-22T15:24:32,615 [main] INFO  Utils - [Utils] MethodGroupsHelper.collectMethodsByGroup() took 0 ms.
2024-10-22T15:24:32,616 [main] INFO  Utils - [Utils] MethodGroupsHelper.sortMethods() took 0 ms.
2024-10-22T15:24:32,616 [main] INFO  Utils - [Utils] MethodGroupsHelper.collectMethodsByGroup() took 0 ms.
2024-10-22T15:24:32,616 [main] INFO  Utils - [Utils] MethodGroupsHelper.sortMethods() took 0 ms.
2024-10-22T15:24:32,621 [main] INFO  Utils - [Utils] MethodGroupsHelper.collectMethodsByGroup() took 4 ms.
2024-10-22T15:24:32,629 [main] INFO  Utils - [Utils] MethodGroupsHelper.sortMethods() took 8 ms.
2024-10-22T15:24:32,632 [main] INFO  Utils - [Utils] MethodGroupsHelper.collectMethodsByGroup() took 0 ms.
2024-10-22T15:24:32,632 [main] INFO  Utils - [Utils] MethodGroupsHelper.sortMethods() took 0 ms.
2024-10-22T15:24:32,632 [main] INFO  Utils - [Utils] MethodGroupsHelper.collectMethodsByGroup() took 0 ms.
2024-10-22T15:24:32,632 [main] INFO  Utils - [Utils] MethodGroupsHelper.sortMethods() took 0 ms.
2024-10-22T15:24:32,643 [main] INFO  Utils - [TestNG] Running:
  C:\Users\91931\AppData\Local\Temp\testng-eclipse-1578727575\testng-customsuite.xml

2024-10-22T15:24:32,663 [main] INFO  Utils - [Utils] DynamicGraphHelper.createDynamicGraph() took 4 ms.
2024-10-22T15:24:33,447 [main] INFO  Utils - [TestNG] Time taken by org.testng.reporters.jq.Main@27ace0b1: 83 ms
2024-10-22T15:24:33,465 [main] INFO  Utils - [TestNG] Time taken by org.testng.reporters.FailedReporter@fca387: 18 ms
2024-10-22T15:24:33,475 [main] INFO  Utils - [TestNG] Time taken by org.testng.reporters.XMLReporter@11d4dbd6: 10 ms
2024-10-22T15:24:33,484 [main] INFO  Utils - [TestNG] Time taken by org.testng.reporters.EmailableReporter2@6b0615ae: 9 ms
2024-10-22T15:24:33,494 [main] INFO  Utils - [TestNG] Time taken by org.testng.reporters.JUnitReportReporter@240f6c41: 9 ms
2024-10-22T15:24:33,494 [main] INFO  Utils - [TestNG] Time taken by org.testng.internal.ExitCodeListener@3659d7b1: 0 ms
2024-10-22T15:27:08,138 [main] INFO  Utils - [Utils] MethodGroupsHelper.collectMethodsByGroup() took 1 ms.
2024-10-22T15:27:08,144 [main] INFO  Utils - [Utils] MethodGroupsHelper.sortMethods() took 2 ms.
2024-10-22T15:27:08,145 [main] INFO  Utils - [Utils] MethodGroupsHelper.collectMethodsByGroup() took 0 ms.
2024-10-22T15:27:08,145 [main] INFO  Utils - [Utils] MethodGroupsHelper.sortMethods() took 0 ms.
2024-10-22T15:27:08,146 [main] INFO  Utils - [Utils] MethodGroupsHelper.collectMethodsByGroup() took 0 ms.
2024-10-22T15:27:08,146 [main] INFO  Utils - [Utils] MethodGroupsHelper.sortMethods() took 0 ms.
2024-10-22T15:27:08,146 [main] INFO  Utils - [Utils] MethodGroupsHelper.collectMethodsByGroup() took 0 ms.
2024-10-22T15:27:08,146 [main] INFO  Utils - [Utils] MethodGroupsHelper.sortMethods() took 0 ms.
2024-10-22T15:27:08,147 [main] INFO  Utils - [Utils] MethodGroupsHelper.collectMethodsByGroup() took 0 ms.
2024-10-22T15:27:08,147 [main] INFO  Utils - [Utils] MethodGroupsHelper.sortMethods() took 0 ms.
2024-10-22T15:27:08,147 [main] INFO  Utils - [Utils] MethodGroupsHelper.collectMethodsByGroup() took 0 ms.
2024-10-22T15:27:08,147 [main] INFO  Utils - [Utils] MethodGroupsHelper.sortMethods() took 0 ms.
2024-10-22T15:27:08,147 [main] INFO  Utils - [Utils] MethodGroupsHelper.collectMethodsByGroup() took 0 ms.
2024-10-22T15:27:08,148 [main] INFO  Utils - [Utils] MethodGroupsHelper.sortMethods() took 0 ms.
2024-10-22T15:27:08,148 [main] INFO  Utils - [Utils] MethodGroupsHelper.collectMethodsByGroup() took 0 ms.
2024-10-22T15:27:08,148 [main] INFO  Utils - [Utils] MethodGroupsHelper.sortMethods() took 0 ms.
2024-10-22T15:27:08,152 [main] INFO  Utils - [Utils] MethodGroupsHelper.collectMethodsByGroup() took 0 ms.
2024-10-22T15:27:08,153 [main] INFO  Utils - [Utils] MethodGroupsHelper.sortMethods() took 0 ms.
2024-10-22T15:27:08,153 [main] INFO  Utils - [Utils] MethodGroupsHelper.collectMethodsByGroup() took 0 ms.
2024-10-22T15:27:08,153 [main] INFO  Utils - [Utils] MethodGroupsHelper.sortMethods() took 0 ms.
2024-10-22T15:27:08,156 [main] INFO  Utils - [Utils] MethodGroupsHelper.collectMethodsByGroup() took 0 ms.
2024-10-22T15:27:08,156 [main] INFO  Utils - [Utils] MethodGroupsHelper.sortMethods() took 0 ms.
2024-10-22T15:27:08,156 [main] INFO  Utils - [Utils] MethodGroupsHelper.collectMethodsByGroup() took 0 ms.
2024-10-22T15:27:08,156 [main] INFO  Utils - [Utils] MethodGroupsHelper.sortMethods() took 0 ms.
2024-10-22T15:27:08,158 [main] INFO  Utils - [Utils] MethodGroupsHelper.collectMethodsByGroup() took 2 ms.
2024-10-22T15:27:08,165 [main] INFO  Utils - [Utils] MethodGroupsHelper.sortMethods() took 5 ms.
2024-10-22T15:27:08,167 [main] INFO  Utils - [Utils] MethodGroupsHelper.collectMethodsByGroup() took 0 ms.
2024-10-22T15:27:08,167 [main] INFO  Utils - [Utils] MethodGroupsHelper.sortMethods() took 0 ms.
2024-10-22T15:27:08,167 [main] INFO  Utils - [Utils] MethodGroupsHelper.collectMethodsByGroup() took 0 ms.
2024-10-22T15:27:08,167 [main] INFO  Utils - [Utils] MethodGroupsHelper.sortMethods() took 0 ms.
2024-10-22T15:27:08,175 [main] INFO  Utils - [TestNG] Running:
  C:\Users\91931\AppData\Local\Temp\testng-eclipse--228640512\testng-customsuite.xml

2024-10-22T15:27:08,195 [main] INFO  Utils - [Utils] DynamicGraphHelper.createDynamicGraph() took 3 ms.
2024-10-22T15:27:12,104 [main] INFO  Utils - [TestNG] Time taken by org.testng.reporters.jq.Main@542c65d9: 84 ms
2024-10-22T15:27:12,105 [main] INFO  Utils - [TestNG] Time taken by org.testng.reporters.FailedReporter@cdbe995: 1 ms
2024-10-22T15:27:12,115 [main] INFO  Utils - [TestNG] Time taken by org.testng.reporters.XMLReporter@5ef2cbe6: 10 ms
2024-10-22T15:27:12,123 [main] INFO  Utils - [TestNG] Time taken by org.testng.reporters.EmailableReporter2@5fd18419: 8 ms
2024-10-22T15:27:12,127 [main] INFO  Utils - [TestNG] Time taken by org.testng.reporters.JUnitReportReporter@5ab5924c: 4 ms
2024-10-22T15:27:12,129 [main] INFO  Utils - [TestNG] Time taken by org.testng.internal.ExitCodeListener@33ebe4f0: 0 ms
